{
  "stats": {
    "suites": 1,
    "tests": 1,
    "passes": 0,
    "pending": 0,
    "failures": 1,
    "start": "2025-06-01T18:15:09.760Z",
    "end": "2025-06-01T18:15:11.451Z",
    "duration": 1691,
    "testsRegistered": 1,
    "passPercent": 0,
    "pendingPercent": 0,
    "other": 0,
    "hasOther": false,
    "skipped": 0,
    "hasSkipped": false
  },
  "results": [
    {
      "uuid": "2e469a4b-a3fc-4db6-b140-6bcd6a67ca2b",
      "title": "",
      "fullFile": "cypress/e2e/api-mensagens.cy.js",
      "file": "cypress/e2e/api-mensagens.cy.js",
      "beforeHooks": [],
      "afterHooks": [],
      "tests": [],
      "suites": [
        {
          "uuid": "a68ef0f3-aaab-45bc-b172-3086249d3168",
          "title": "API Adopet",
          "fullFile": "",
          "file": "",
          "beforeHooks": [],
          "afterHooks": [],
          "tests": [
            {
              "title": "Mensagens da API",
              "fullTitle": "API Adopet Mensagens da API",
              "timedOut": null,
              "duration": 1645,
              "state": "failed",
              "speed": null,
              "pass": false,
              "fail": true,
              "pending": false,
              "context": null,
              "code": "cy.request({\n  method: 'GET',\n  url: 'https://adopet-api-i8qu.onrender.com/mensagem/0f5d3191-6036-4b4e-97cd-31a1b27adf9e',\n  headers: Cypress.env()\n}).then(res => {\n  expect(res.status).to.be.equal(200);\n  expect(res.body).is.not.empty;\n  expect(res.body).to.have.property('msg');\n  // expect(res.duration).to.be.lte(tempoEsperado)\n});",
              "err": {
                "message": "CypressError: `cy.request()` failed on:\n\nhttps://adopet-api-i8qu.onrender.com/mensagem/0f5d3191-6036-4b4e-97cd-31a1b27adf9e\n\nThe response we received from your web server was:\n\n  > 401: Unauthorized\n\nThis was considered a failure because the status code was not `2xx` or `3xx`.\n\nIf you do not want status codes to cause failures pass the option: `failOnStatusCode: false`\n\n-----------------------------------------------------------\n\nThe request we sent was:\n\nMethod: GET\nURL: https://adopet-api-i8qu.onrender.com/mensagem/0f5d3191-6036-4b4e-97cd-31a1b27adf9e\nHeaders: {\n  \"Connection\": \"keep-alive\",\n  \"user-agent\": \"Mozilla/5.0 (X11; Linux x86_64) AppleWebKit/537.36 (KHTML, like Gecko) Cypress/14.4.0 Chrome/130.0.6723.137 Electron/33.2.1 Safari/537.36\",\n  \"accept\": \"*/*\",\n  \"accept-encoding\": \"gzip, deflate\"\n}\n\n-----------------------------------------------------------\n\nThe response we got was:\n\nStatus: 401 - Unauthorized\nHeaders: {\n  \"date\": \"Sun, 01 Jun 2025 18:15:10 GMT\",\n  \"content-type\": \"application/json; charset=utf-8\",\n  \"transfer-encoding\": \"chunked\",\n  \"connection\": \"keep-alive\",\n  \"access-control-allow-credentials\": \"true\",\n  \"access-control-expose-headers\": \"Authorization\",\n  \"etag\": \"W/\\\"4c-HPgXiatEDiiqxmdue+ndikRQzM4\\\"\",\n  \"rndr-id\": \"34322e2a-f8fb-4d9b\",\n  \"vary\": \"Origin, Accept-Encoding\",\n  \"x-powered-by\": \"Express\",\n  \"x-render-origin-server\": \"Render\",\n  \"cf-cache-status\": \"DYNAMIC\",\n  \"server\": \"cloudflare\",\n  \"cf-ray\": \"9490b1e45fc477ed-GRU\",\n  \"alt-svc\": \"h3=\\\":443\\\"; ma=86400\"\n}\nBody: {\n  \"statusCode\": 401,\n  \"message\": \"Erro de autenticação\",\n  \"error\": \"Unauthorized\"\n}\n\n\nhttps://on.cypress.io/request",
                "estack": "CypressError: `cy.request()` failed on:\n\nhttps://adopet-api-i8qu.onrender.com/mensagem/0f5d3191-6036-4b4e-97cd-31a1b27adf9e\n\nThe response we received from your web server was:\n\n  > 401: Unauthorized\n\nThis was considered a failure because the status code was not `2xx` or `3xx`.\n\nIf you do not want status codes to cause failures pass the option: `failOnStatusCode: false`\n\n-----------------------------------------------------------\n\nThe request we sent was:\n\nMethod: GET\nURL: https://adopet-api-i8qu.onrender.com/mensagem/0f5d3191-6036-4b4e-97cd-31a1b27adf9e\nHeaders: {\n  \"Connection\": \"keep-alive\",\n  \"user-agent\": \"Mozilla/5.0 (X11; Linux x86_64) AppleWebKit/537.36 (KHTML, like Gecko) Cypress/14.4.0 Chrome/130.0.6723.137 Electron/33.2.1 Safari/537.36\",\n  \"accept\": \"*/*\",\n  \"accept-encoding\": \"gzip, deflate\"\n}\n\n-----------------------------------------------------------\n\nThe response we got was:\n\nStatus: 401 - Unauthorized\nHeaders: {\n  \"date\": \"Sun, 01 Jun 2025 18:15:10 GMT\",\n  \"content-type\": \"application/json; charset=utf-8\",\n  \"transfer-encoding\": \"chunked\",\n  \"connection\": \"keep-alive\",\n  \"access-control-allow-credentials\": \"true\",\n  \"access-control-expose-headers\": \"Authorization\",\n  \"etag\": \"W/\\\"4c-HPgXiatEDiiqxmdue+ndikRQzM4\\\"\",\n  \"rndr-id\": \"34322e2a-f8fb-4d9b\",\n  \"vary\": \"Origin, Accept-Encoding\",\n  \"x-powered-by\": \"Express\",\n  \"x-render-origin-server\": \"Render\",\n  \"cf-cache-status\": \"DYNAMIC\",\n  \"server\": \"cloudflare\",\n  \"cf-ray\": \"9490b1e45fc477ed-GRU\",\n  \"alt-svc\": \"h3=\\\":443\\\"; ma=86400\"\n}\nBody: {\n  \"statusCode\": 401,\n  \"message\": \"Erro de autenticação\",\n  \"error\": \"Unauthorized\"\n}\n\n\nhttps://on.cypress.io/request\n    at <unknown> (http://localhost:44077/__cypress/runner/cypress_runner.js:135957:72)\n    at tryCatcher (http://localhost:44077/__cypress/runner/cypress_runner.js:1777:23)\n    at Promise._settlePromiseFromHandler (http://localhost:44077/__cypress/runner/cypress_runner.js:1489:31)\n    at Promise._settlePromise (http://localhost:44077/__cypress/runner/cypress_runner.js:1546:18)\n    at Promise._settlePromise0 (http://localhost:44077/__cypress/runner/cypress_runner.js:1591:10)\n    at Promise._settlePromises (http://localhost:44077/__cypress/runner/cypress_runner.js:1671:18)\n    at _drainQueueStep (http://localhost:44077/__cypress/runner/cypress_runner.js:2377:12)\n    at _drainQueue (http://localhost:44077/__cypress/runner/cypress_runner.js:2370:9)\n    at Async._drainQueues (http://localhost:44077/__cypress/runner/cypress_runner.js:2386:5)\n    at Async.drainQueues (http://localhost:44077/__cypress/runner/cypress_runner.js:2256:14)\nFrom Your Spec Code:\n    at Context.eval (webpack://curso_cypress/./cypress/e2e/api-mensagens.cy.js:5:7)",
                "diff": null
              },
              "uuid": "a34a5300-1138-4141-b0bf-3a5b29eea086",
              "parentUUID": "a68ef0f3-aaab-45bc-b172-3086249d3168",
              "isHook": false,
              "skipped": false
            }
          ],
          "suites": [],
          "passes": [],
          "failures": [
            "a34a5300-1138-4141-b0bf-3a5b29eea086"
          ],
          "pending": [],
          "skipped": [],
          "duration": 1645,
          "root": false,
          "rootEmpty": false,
          "_timeout": 2000
        }
      ],
      "passes": [],
      "failures": [],
      "pending": [],
      "skipped": [],
      "duration": 0,
      "root": true,
      "rootEmpty": true,
      "_timeout": 2000
    }
  ],
  "meta": {
    "mocha": {
      "version": "7.2.0"
    },
    "mochawesome": {
      "options": {
        "quiet": false,
        "reportFilename": "mochawesome",
        "saveHtml": true,
        "saveJson": true,
        "consoleReporter": "spec",
        "useInlineDiffs": false,
        "code": true
      },
      "version": "7.1.3"
    },
    "marge": {
      "options": {
        "reportDir": "cypress/results",
        "overwrite": false,
        "html": true,
        "json": true,
        "timestamp": "mmddyyyy_HHMMss"
      },
      "version": "6.2.0"
    }
  }
}