{
  "stats": {
    "suites": 0,
    "tests": 1,
    "passes": 1,
    "pending": 0,
    "failures": 0,
    "start": "2025-05-30T19:09:08.567Z",
    "end": "2025-05-30T19:09:09.537Z",
    "duration": 970,
    "testsRegistered": 1,
    "passPercent": 100,
    "pendingPercent": 0,
    "other": 0,
    "hasOther": false,
    "skipped": 0,
    "hasSkipped": false
  },
  "results": [
    {
      "uuid": "540bd0f2-10ca-447d-8a51-21908707d702",
      "title": "",
      "fullFile": "cypress/e2e/teste-imagens-dos-animais.cy.js",
      "file": "cypress/e2e/teste-imagens-dos-animais.cy.js",
      "beforeHooks": [],
      "afterHooks": [],
      "tests": [
        {
          "title": "Verifica imagens dos animais",
          "fullTitle": "Verifica imagens dos animais",
          "timedOut": null,
          "duration": 232,
          "state": "passed",
          "speed": "fast",
          "pass": true,
          "fail": false,
          "pending": false,
          "context": null,
          "code": "cy.visit('https://adopet-frontend-cypress.vercel.app/home');\ncy.get('.cards').should('be.visible');",
          "err": {},
          "uuid": "b5cffa52-c1e3-420b-876e-2e2c52e4d74f",
          "parentUUID": "540bd0f2-10ca-447d-8a51-21908707d702",
          "isHook": false,
          "skipped": false
        }
      ],
      "suites": [],
      "passes": [
        "b5cffa52-c1e3-420b-876e-2e2c52e4d74f"
      ],
      "failures": [],
      "pending": [],
      "skipped": [],
      "duration": 232,
      "root": true,
      "rootEmpty": false,
      "_timeout": 2000
    }
  ],
  "meta": {
    "mocha": {
      "version": "7.2.0"
    },
    "mochawesome": {
      "options": {
        "quiet": false,
        "reportFilename": "mochawesome",
        "saveHtml": true,
        "saveJson": true,
        "consoleReporter": "spec",
        "useInlineDiffs": false,
        "code": true
      },
      "version": "7.1.3"
    },
    "marge": {
      "options": {
        "reportDir": "cypress/results",
        "overwrite": false,
        "html": true,
        "json": true,
        "timestamp": "mmddyyyy_HHMMss"
      },
      "version": "6.2.0"
    }
  }
}