{
  "stats": {
    "suites": 0,
    "tests": 1,
    "passes": 0,
    "pending": 0,
    "failures": 1,
    "start": "2025-06-01T18:31:08.541Z",
    "end": "2025-06-01T18:31:08.673Z",
    "duration": 132,
    "testsRegistered": 1,
    "passPercent": 0,
    "pendingPercent": 0,
    "other": 0,
    "hasOther": false,
    "skipped": 0,
    "hasSkipped": false
  },
  "results": [
    {
      "uuid": "be0f0514-b4ea-431f-9e5b-f4c0098bbb66",
      "title": "",
      "fullFile": "cypress/e2e/api-perfil.cy.js",
      "file": "cypress/e2e/api-perfil.cy.js",
      "beforeHooks": [],
      "afterHooks": [],
      "tests": [
        {
          "title": "Nome do perfil",
          "fullTitle": "Nome do perfil",
          "timedOut": null,
          "duration": 88,
          "state": "failed",
          "speed": null,
          "pass": false,
          "fail": true,
          "pending": false,
          "context": null,
          "code": "cy.request({\n  method: 'GET',\n  url: 'https://adopet-api-i8qu.onrender.com/adotante/perfil/b9171a8f-da46-4d4f-b642-76eb21a4ed6e',\n  headers: {\n    authorization\n  }\n}).then(res => {\n  expect(res.status).to.equal(200);\n  expect(res.body).is.not.empty;\n  expect(res.body).to.have.property('perfil');\n  expect(res.body.perfil.nome).to.be.equal('Flameuss');\n});",
          "err": {
            "message": "ReferenceError: authorization is not defined",
            "estack": "ReferenceError: authorization is not defined\n    at Context.eval (webpack://curso_cypress/./cypress/e2e/api-perfil.cy.js:9:15)\n    at runnable.fn (http://localhost:37503/__cypress/runner/cypress_runner.js:141400:19)\n    at callFn (http://localhost:37503/__cypress/runner/cypress_runner.js:160478:21)\n    at Runnable.run (http://localhost:37503/__cypress/runner/cypress_runner.js:160465:7)\n    at <unknown> (http://localhost:37503/__cypress/runner/cypress_runner.js:166537:30)\n    at PassThroughHandlerContext.finallyHandler (http://localhost:37503/__cypress/runner/cypress_runner.js:4042:23)\n    at PassThroughHandlerContext.tryCatcher (http://localhost:37503/__cypress/runner/cypress_runner.js:1777:23)\n    at Promise._settlePromiseFromHandler (http://localhost:37503/__cypress/runner/cypress_runner.js:1489:31)\n    at Promise._settlePromise (http://localhost:37503/__cypress/runner/cypress_runner.js:1546:18)",
            "diff": null
          },
          "uuid": "e0964b94-0111-4939-9339-63013c8b8a82",
          "parentUUID": "be0f0514-b4ea-431f-9e5b-f4c0098bbb66",
          "isHook": false,
          "skipped": false
        }
      ],
      "suites": [],
      "passes": [],
      "failures": [
        "e0964b94-0111-4939-9339-63013c8b8a82"
      ],
      "pending": [],
      "skipped": [],
      "duration": 88,
      "root": true,
      "rootEmpty": false,
      "_timeout": 2000
    }
  ],
  "meta": {
    "mocha": {
      "version": "7.2.0"
    },
    "mochawesome": {
      "options": {
        "quiet": false,
        "reportFilename": "mochawesome",
        "saveHtml": true,
        "saveJson": true,
        "consoleReporter": "spec",
        "useInlineDiffs": false,
        "code": true
      },
      "version": "7.1.3"
    },
    "marge": {
      "options": {
        "reportDir": "cypress/results",
        "overwrite": false,
        "html": true,
        "json": true,
        "timestamp": "mmddyyyy_HHMMss"
      },
      "version": "6.2.0"
    }
  }
}