{
  "stats": {
    "suites": 1,
    "tests": 2,
    "passes": 2,
    "pending": 0,
    "failures": 0,
    "start": "2025-06-01T18:31:55.664Z",
    "end": "2025-06-01T18:31:59.286Z",
    "duration": 3622,
    "testsRegistered": 2,
    "passPercent": 100,
    "pendingPercent": 0,
    "other": 0,
    "hasOther": false,
    "skipped": 0,
    "hasSkipped": false
  },
  "results": [
    {
      "uuid": "f983ed60-8fc0-4772-9d5a-6793ab7a4d72",
      "title": "",
      "fullFile": "cypress/e2e/login-incorreto.cy.js",
      "file": "cypress/e2e/login-incorreto.cy.js",
      "beforeHooks": [],
      "afterHooks": [],
      "tests": [],
      "suites": [
        {
          "uuid": "ee9d7012-4823-4f40-975f-c31471af4237",
          "title": "Página de login",
          "fullFile": "",
          "file": "",
          "beforeHooks": [],
          "afterHooks": [],
          "tests": [
            {
              "title": "O usuário insere um e-mail e senha fora do padrão aceito nos campos correspondentes.",
              "fullTitle": "Página de login O usuário insere um e-mail e senha fora do padrão aceito nos campos correspondentes.",
              "timedOut": null,
              "duration": 1516,
              "state": "passed",
              "speed": "fast",
              "pass": true,
              "fail": false,
              "pending": false,
              "context": null,
              "code": "cy.login('teste', 'senha123');\ncy.contains('Por favor, verifique o email digitado').should('be.visible');\ncy.contains('A senha deve conter pelo menos uma letra maiúscula, um número e ter entre 6 e 15 caracteres').should('be.visible');",
              "err": {},
              "uuid": "48a397c7-c371-4952-a042-eb994f9ab0d4",
              "parentUUID": "ee9d7012-4823-4f40-975f-c31471af4237",
              "isHook": false,
              "skipped": false
            },
            {
              "title": "Deve falhar mesmo que os campos sejam preenchidos corretamente",
              "fullTitle": "Página de login Deve falhar mesmo que os campos sejam preenchidos corretamente",
              "timedOut": null,
              "duration": 1361,
              "state": "passed",
              "speed": "fast",
              "pass": true,
              "fail": false,
              "pending": false,
              "context": null,
              "code": "cy.login('teste@email.com', 'Senha123');\ncy.wait('@stubPost');\ncy.contains('Falha no login. Consulte suas credenciais.').should('be.visible');",
              "err": {},
              "uuid": "71ab7953-f9a5-4226-a92c-38345a3b471a",
              "parentUUID": "ee9d7012-4823-4f40-975f-c31471af4237",
              "isHook": false,
              "skipped": false
            }
          ],
          "suites": [],
          "passes": [
            "48a397c7-c371-4952-a042-eb994f9ab0d4",
            "71ab7953-f9a5-4226-a92c-38345a3b471a"
          ],
          "failures": [],
          "pending": [],
          "skipped": [],
          "duration": 2877,
          "root": false,
          "rootEmpty": false,
          "_timeout": 2000
        }
      ],
      "passes": [],
      "failures": [],
      "pending": [],
      "skipped": [],
      "duration": 0,
      "root": true,
      "rootEmpty": true,
      "_timeout": 2000
    }
  ],
  "meta": {
    "mocha": {
      "version": "7.2.0"
    },
    "mochawesome": {
      "options": {
        "quiet": false,
        "reportFilename": "mochawesome",
        "saveHtml": true,
        "saveJson": true,
        "consoleReporter": "spec",
        "useInlineDiffs": false,
        "code": true
      },
      "version": "7.1.3"
    },
    "marge": {
      "options": {
        "reportDir": "cypress/results",
        "overwrite": false,
        "html": true,
        "json": true,
        "timestamp": "mmddyyyy_HHMMss"
      },
      "version": "6.2.0"
    }
  }
}