{
  "stats": {
    "suites": 1,
    "tests": 2,
    "passes": 2,
    "pending": 0,
    "failures": 0,
    "start": "2025-05-30T19:09:18.807Z",
    "end": "2025-05-30T19:09:19.891Z",
    "duration": 1084,
    "testsRegistered": 2,
    "passPercent": 100,
    "pendingPercent": 0,
    "other": 0,
    "hasOther": false,
    "skipped": 0,
    "hasSkipped": false
  },
  "results": [
    {
      "uuid": "71ce53e9-40d5-41e5-9bea-4464bd6db6a9",
      "title": "",
      "fullFile": "cypress/e2e/teste-quem-ama-adota.cy.js",
      "file": "cypress/e2e/teste-quem-ama-adota.cy.js",
      "beforeHooks": [],
      "afterHooks": [],
      "tests": [],
      "suites": [
        {
          "uuid": "9f26f010-c0ae-4e98-9ed3-acf9f0a5df7f",
          "title": "Teste quem ama adota",
          "fullFile": "",
          "file": "",
          "beforeHooks": [],
          "afterHooks": [],
          "tests": [
            {
              "title": "Verifica mensagem de texto",
              "fullTitle": "Teste quem ama adota Verifica mensagem de texto",
              "timedOut": null,
              "duration": 230,
              "state": "passed",
              "speed": "fast",
              "pass": true,
              "fail": false,
              "pending": false,
              "context": null,
              "code": "cy.contains('p', 'Quem ama adota!').should('be.visible');",
              "err": {},
              "uuid": "fadff9a1-5cd4-4994-a5c2-d6cae30f45dc",
              "parentUUID": "9f26f010-c0ae-4e98-9ed3-acf9f0a5df7f",
              "isHook": false,
              "skipped": false
            },
            {
              "title": "Verifica mensagem de texto",
              "fullTitle": "Teste quem ama adota Verifica mensagem de texto",
              "timedOut": null,
              "duration": 91,
              "state": "passed",
              "speed": "fast",
              "pass": true,
              "fail": false,
              "pending": false,
              "context": null,
              "code": "cy.contains('p', 'Adotar pode mudar uma vida. Que tal buscar seu novo melhor amigo hoje? Vem com a gente!').should('be.visible');",
              "err": {},
              "uuid": "de209718-cbc1-412f-b657-212af01d5452",
              "parentUUID": "9f26f010-c0ae-4e98-9ed3-acf9f0a5df7f",
              "isHook": false,
              "skipped": false
            }
          ],
          "suites": [],
          "passes": [
            "fadff9a1-5cd4-4994-a5c2-d6cae30f45dc",
            "de209718-cbc1-412f-b657-212af01d5452"
          ],
          "failures": [],
          "pending": [],
          "skipped": [],
          "duration": 321,
          "root": false,
          "rootEmpty": false,
          "_timeout": 2000
        }
      ],
      "passes": [],
      "failures": [],
      "pending": [],
      "skipped": [],
      "duration": 0,
      "root": true,
      "rootEmpty": true,
      "_timeout": 2000
    }
  ],
  "meta": {
    "mocha": {
      "version": "7.2.0"
    },
    "mochawesome": {
      "options": {
        "quiet": false,
        "reportFilename": "mochawesome",
        "saveHtml": true,
        "saveJson": true,
        "consoleReporter": "spec",
        "useInlineDiffs": false,
        "code": true
      },
      "version": "7.1.3"
    },
    "marge": {
      "options": {
        "reportDir": "cypress/results",
        "overwrite": false,
        "html": true,
        "json": true,
        "timestamp": "mmddyyyy_HHMMss"
      },
      "version": "6.2.0"
    }
  }
}