{
  "stats": {
    "suites": 1,
    "tests": 1,
    "passes": 1,
    "pending": 0,
    "failures": 0,
    "start": "2025-06-01T18:31:10.423Z",
    "end": "2025-06-01T18:31:14.453Z",
    "duration": 4030,
    "testsRegistered": 1,
    "passPercent": 100,
    "pendingPercent": 0,
    "other": 0,
    "hasOther": false,
    "skipped": 0,
    "hasSkipped": false
  },
  "results": [
    {
      "uuid": "2e61c3b8-bbd8-49ba-b870-f6e54676ee74",
      "title": "",
      "fullFile": "cypress/e2e/cadastro-correto.cy.js",
      "file": "cypress/e2e/cadastro-correto.cy.js",
      "beforeHooks": [],
      "afterHooks": [],
      "tests": [],
      "suites": [
        {
          "uuid": "b619fa89-38d9-4b65-846f-0daadf8e5a09",
          "title": "Página de cadastro",
          "fullFile": "",
          "file": "",
          "beforeHooks": [],
          "afterHooks": [],
          "tests": [
            {
              "title": "Deve preencher os campos do cadastro corretamente e clicar no botão cadastrar",
              "fullTitle": "Página de cadastro Deve preencher os campos do cadastro corretamente e clicar no botão cadastrar",
              "timedOut": null,
              "duration": 3017,
              "state": "passed",
              "speed": "fast",
              "pass": true,
              "fail": false,
              "pending": false,
              "context": null,
              "code": "cy.cadastrar('teste teste', 'teste@email.com', 'Senha123');",
              "err": {},
              "uuid": "8a104050-9524-47fe-80b7-19b23b0b72b2",
              "parentUUID": "b619fa89-38d9-4b65-846f-0daadf8e5a09",
              "isHook": false,
              "skipped": false
            }
          ],
          "suites": [],
          "passes": [
            "8a104050-9524-47fe-80b7-19b23b0b72b2"
          ],
          "failures": [],
          "pending": [],
          "skipped": [],
          "duration": 3017,
          "root": false,
          "rootEmpty": false,
          "_timeout": 2000
        }
      ],
      "passes": [],
      "failures": [],
      "pending": [],
      "skipped": [],
      "duration": 0,
      "root": true,
      "rootEmpty": true,
      "_timeout": 2000
    }
  ],
  "meta": {
    "mocha": {
      "version": "7.2.0"
    },
    "mochawesome": {
      "options": {
        "quiet": false,
        "reportFilename": "mochawesome",
        "saveHtml": true,
        "saveJson": true,
        "consoleReporter": "spec",
        "useInlineDiffs": false,
        "code": true
      },
      "version": "7.1.3"
    },
    "marge": {
      "options": {
        "reportDir": "cypress/results",
        "overwrite": false,
        "html": true,
        "json": true,
        "timestamp": "mmddyyyy_HHMMss"
      },
      "version": "6.2.0"
    }
  }
}