{
  "stats": {
    "suites": 1,
    "tests": 2,
    "passes": 2,
    "pending": 0,
    "failures": 0,
    "start": "2025-06-01T18:32:11.767Z",
    "end": "2025-06-01T18:32:12.757Z",
    "duration": 990,
    "testsRegistered": 2,
    "passPercent": 100,
    "pendingPercent": 0,
    "other": 0,
    "hasOther": false,
    "skipped": 0,
    "hasSkipped": false
  },
  "results": [
    {
      "uuid": "36646e33-9017-4381-a683-57e2df3be07c",
      "title": "",
      "fullFile": "cypress/e2e/teste-quem-ama-adota.cy.js",
      "file": "cypress/e2e/teste-quem-ama-adota.cy.js",
      "beforeHooks": [],
      "afterHooks": [],
      "tests": [],
      "suites": [
        {
          "uuid": "1150d882-c633-4a02-9e6a-6df7d47cdeb0",
          "title": "Teste quem ama adota",
          "fullFile": "",
          "file": "",
          "beforeHooks": [],
          "afterHooks": [],
          "tests": [
            {
              "title": "Verifica mensagem de texto",
              "fullTitle": "Teste quem ama adota Verifica mensagem de texto",
              "timedOut": null,
              "duration": 212,
              "state": "passed",
              "speed": "fast",
              "pass": true,
              "fail": false,
              "pending": false,
              "context": null,
              "code": "cy.contains('p', 'Quem ama adota!').should('be.visible');",
              "err": {},
              "uuid": "ca38952e-48e3-421c-8a2a-8e11cd7ffc7a",
              "parentUUID": "1150d882-c633-4a02-9e6a-6df7d47cdeb0",
              "isHook": false,
              "skipped": false
            },
            {
              "title": "Verifica mensagem de texto",
              "fullTitle": "Teste quem ama adota Verifica mensagem de texto",
              "timedOut": null,
              "duration": 98,
              "state": "passed",
              "speed": "fast",
              "pass": true,
              "fail": false,
              "pending": false,
              "context": null,
              "code": "cy.contains('p', 'Adotar pode mudar uma vida. Que tal buscar seu novo melhor amigo hoje? Vem com a gente!').should('be.visible');",
              "err": {},
              "uuid": "08c670cc-01ca-4fdd-b2fb-1691ba793889",
              "parentUUID": "1150d882-c633-4a02-9e6a-6df7d47cdeb0",
              "isHook": false,
              "skipped": false
            }
          ],
          "suites": [],
          "passes": [
            "ca38952e-48e3-421c-8a2a-8e11cd7ffc7a",
            "08c670cc-01ca-4fdd-b2fb-1691ba793889"
          ],
          "failures": [],
          "pending": [],
          "skipped": [],
          "duration": 310,
          "root": false,
          "rootEmpty": false,
          "_timeout": 2000
        }
      ],
      "passes": [],
      "failures": [],
      "pending": [],
      "skipped": [],
      "duration": 0,
      "root": true,
      "rootEmpty": true,
      "_timeout": 2000
    }
  ],
  "meta": {
    "mocha": {
      "version": "7.2.0"
    },
    "mochawesome": {
      "options": {
        "quiet": false,
        "reportFilename": "mochawesome",
        "saveHtml": true,
        "saveJson": true,
        "consoleReporter": "spec",
        "useInlineDiffs": false,
        "code": true
      },
      "version": "7.1.3"
    },
    "marge": {
      "options": {
        "reportDir": "cypress/results",
        "overwrite": false,
        "html": true,
        "json": true,
        "timestamp": "mmddyyyy_HHMMss"
      },
      "version": "6.2.0"
    }
  }
}