{
  "stats": {
    "suites": 1,
    "tests": 1,
    "passes": 1,
    "pending": 0,
    "failures": 0,
    "start": "2025-05-30T19:08:38.690Z",
    "end": "2025-05-30T19:08:38.099Z",
    "duration": -591,
    "testsRegistered": 1,
    "passPercent": 100,
    "pendingPercent": 0,
    "other": 0,
    "hasOther": false,
    "skipped": 0,
    "hasSkipped": false
  },
  "results": [
    {
      "uuid": "79845e5f-1871-4a6c-a6ba-c41c76da3922",
      "title": "",
      "fullFile": "cypress/e2e/fluxo-de-login.cy.js",
      "file": "cypress/e2e/fluxo-de-login.cy.js",
      "beforeHooks": [],
      "afterHooks": [],
      "tests": [],
      "suites": [
        {
          "uuid": "8d53e7a2-f2bd-45c6-abae-d650189df60e",
          "title": "Fluxo de Login",
          "fullFile": "",
          "file": "",
          "beforeHooks": [],
          "afterHooks": [],
          "tests": [
            {
              "title": "Verifica mensagem de texto",
              "fullTitle": "Fluxo de Login Verifica mensagem de texto",
              "timedOut": null,
              "duration": -1343,
              "state": "passed",
              "speed": "fast",
              "pass": true,
              "fail": false,
              "pending": false,
              "context": null,
              "code": "cy.get('.header__message').click();\ncy.login('ana@email.com', 'Senha123');",
              "err": {},
              "uuid": "d2173bcb-c8cb-4ac4-8122-dbdf5629d57d",
              "parentUUID": "8d53e7a2-f2bd-45c6-abae-d650189df60e",
              "isHook": false,
              "skipped": false
            }
          ],
          "suites": [],
          "passes": [
            "d2173bcb-c8cb-4ac4-8122-dbdf5629d57d"
          ],
          "failures": [],
          "pending": [],
          "skipped": [],
          "duration": -1343,
          "root": false,
          "rootEmpty": false,
          "_timeout": 2000
        }
      ],
      "passes": [],
      "failures": [],
      "pending": [],
      "skipped": [],
      "duration": 0,
      "root": true,
      "rootEmpty": true,
      "_timeout": 2000
    }
  ],
  "meta": {
    "mocha": {
      "version": "7.2.0"
    },
    "mochawesome": {
      "options": {
        "quiet": false,
        "reportFilename": "mochawesome",
        "saveHtml": true,
        "saveJson": true,
        "consoleReporter": "spec",
        "useInlineDiffs": false,
        "code": true
      },
      "version": "7.1.3"
    },
    "marge": {
      "options": {
        "reportDir": "cypress/results",
        "overwrite": false,
        "html": true,
        "json": true,
        "timestamp": "mmddyyyy_HHMMss"
      },
      "version": "6.2.0"
    }
  }
}